<?xml version="1.0" encoding="UTF-8"?>
<!-- Generated by org.testng.reporters.JUnitReportReporter -->
<testsuite skipped="0" hostname="00620JNBCOB010L" name="testCases.HybridExecuteTest" tests="12" failures="0" timestamp="07 Oct 2019 15:38:57 GMT" time="36.872" errors="0">
  <testcase name="testLogin" time="13.518" classname="testCases.HybridExecuteTest"/>
  <testcase name="testLogin" time="4.685" classname="testCases.HybridExecuteTest"/>
  <testcase name="testLogin" time="3.923" classname="testCases.HybridExecuteTest"/>
  <testcase name="testLogin" time="1.435" classname="testCases.HybridExecuteTest"/>
  <testcase name="testLogin" time="0.000" classname="testCases.HybridExecuteTest"/>
  <testcase name="testLogin" time="0.540" classname="testCases.HybridExecuteTest"/>
  <testcase name="testLogin" time="3.281" classname="testCases.HybridExecuteTest"/>
  <testcase name="testLogin" time="0.323" classname="testCases.HybridExecuteTest"/>
  <testcase name="testLogin" time="0.763" classname="testCases.HybridExecuteTest"/>
  <testcase name="testLogin" time="0.751" classname="testCases.HybridExecuteTest"/>
  <testcase name="testLogin" time="5.177" classname="testCases.HybridExecuteTest"/>
  <testcase name="testLogin" time="2.476" classname="testCases.HybridExecuteTest"/>
</testsuite> <!-- testCases.HybridExecuteTest -->
