<?xml version="1.0" encoding="UTF-8"?>
<!-- Generated by org.testng.reporters.JUnitReportReporter -->
<testsuite skipped="0" hostname="00620JNBCOB010L" name="testCases.Apply" tests="12" failures="0" timestamp="08 Oct 2019 01:37:36 GMT" time="29.533" errors="0">
  <testcase name="testApply" time="0.540" classname="testCases.Apply"/>
  <testcase name="testApply" time="0.830" classname="testCases.Apply"/>
  <testcase name="testApply" time="7.916" classname="testCases.Apply"/>
  <testcase name="testApply" time="4.689" classname="testCases.Apply"/>
  <testcase name="testApply" time="0.621" classname="testCases.Apply"/>
  <testcase name="testApply" time="3.734" classname="testCases.Apply"/>
  <testcase name="testApply" time="3.792" classname="testCases.Apply"/>
  <testcase name="testApply" time="3.194" classname="testCases.Apply"/>
  <testcase name="testApply" time="3.358" classname="testCases.Apply"/>
  <testcase name="testApply" time="0.171" classname="testCases.Apply"/>
  <testcase name="testApply" time="0.678" classname="testCases.Apply"/>
  <testcase name="testApply" time="0.010" classname="testCases.Apply"/>
</testsuite> <!-- testCases.Apply -->
